{"C:\\Data\\Code\\Express\\ECommerce-ExpressJs-Solution-main\\Express\\app.js": {"path":"C:\\Data\\Code\\Express\\ECommerce-ExpressJs-Solution-main\\Express\\app.js","statementMap":{"0":{"start":{"line":2,"column":16},"end":{"line":2,"column":34}},"1":{"start":{"line":3,"column":12},"end":{"line":3,"column":21}},"2":{"start":{"line":56,"column":0},"end":{"line":56,"column":21}}},"fnMap":{},"branchMap":{},"s":{"0":1,"1":1,"2":1},"f":{},"b":{},"_coverageSchema":"1a1c01bbd47fc00a2c39e90264f33305004495a9","hash":"6fc66a89122fd606292c05492c0f4ef68771dd8a"}
}
